[05-Apr-2019 23:31:50] NOTICE: fpm is running, pid 16
[05-Apr-2019 23:31:50] NOTICE: ready to handle connections
[06-Apr-2019 00:00:51] NOTICE: Terminating ...
[06-Apr-2019 00:00:51] NOTICE: exiting, bye-bye!
[06-Apr-2019 00:31:14] NOTICE: fpm is running, pid 24
[06-Apr-2019 00:31:14] NOTICE: ready to handle connections
[06-Apr-2019 01:02:55] NOTICE: Terminating ...
[06-Apr-2019 01:02:55] NOTICE: exiting, bye-bye!
[08-Apr-2019 14:51:19] NOTICE: fpm is running, pid 24
[08-Apr-2019 14:51:19] NOTICE: ready to handle connections
[08-Apr-2019 14:51:28] NOTICE: Terminating ...
[08-Apr-2019 14:51:28] NOTICE: exiting, bye-bye!
[08-Apr-2019 14:52:05] NOTICE: fpm is running, pid 24
[08-Apr-2019 14:52:05] NOTICE: ready to handle connections
[09-Apr-2019 14:16:15] NOTICE: fpm is running, pid 39
[09-Apr-2019 14:16:15] NOTICE: ready to handle connections
[09-Apr-2019 14:18:02] NOTICE: Terminating ...
[09-Apr-2019 14:18:02] NOTICE: exiting, bye-bye!
[09-Apr-2019 14:18:24] NOTICE: fpm is running, pid 52
[09-Apr-2019 14:18:24] NOTICE: ready to handle connections
[09-Apr-2019 14:22:39] NOTICE: Terminating ...
[09-Apr-2019 14:22:39] NOTICE: exiting, bye-bye!
[09-Apr-2019 14:43:00] NOTICE: fpm is running, pid 22
[09-Apr-2019 14:43:00] NOTICE: ready to handle connections
[09-Apr-2019 14:43:18] NOTICE: Terminating ...
[09-Apr-2019 14:43:18] NOTICE: exiting, bye-bye!
[09-Apr-2019 14:43:27] NOTICE: fpm is running, pid 24
[09-Apr-2019 14:43:27] NOTICE: ready to handle connections
[09-Apr-2019 19:42:26] NOTICE: Terminating ...
[09-Apr-2019 19:42:26] NOTICE: exiting, bye-bye!
[10-Apr-2019 14:41:46] NOTICE: fpm is running, pid 41
[10-Apr-2019 14:41:46] NOTICE: ready to handle connections
[10-Apr-2019 20:40:22] NOTICE: Terminating ...
[10-Apr-2019 20:40:22] NOTICE: exiting, bye-bye!
[11-Apr-2019 00:51:07] NOTICE: fpm is running, pid 56
[11-Apr-2019 00:51:07] NOTICE: ready to handle connections
[11-Apr-2019 01:29:08] NOTICE: Terminating ...
[11-Apr-2019 01:29:08] NOTICE: exiting, bye-bye!
[11-Apr-2019 14:03:48] NOTICE: fpm is running, pid 39
[11-Apr-2019 14:03:48] NOTICE: ready to handle connections
[11-Apr-2019 16:49:02] NOTICE: Terminating ...
[11-Apr-2019 16:49:02] NOTICE: exiting, bye-bye!
[12-Apr-2019 20:36:35] NOTICE: fpm is running, pid 58
[12-Apr-2019 20:36:35] NOTICE: ready to handle connections
[12-Apr-2019 20:55:11] NOTICE: Terminating ...
[12-Apr-2019 20:55:11] NOTICE: exiting, bye-bye!
[12-Apr-2019 22:07:50] NOTICE: fpm is running, pid 54
[12-Apr-2019 22:07:50] NOTICE: ready to handle connections
[13-Apr-2019 02:33:13] NOTICE: Terminating ...
[13-Apr-2019 02:33:13] NOTICE: exiting, bye-bye!
[13-Apr-2019 13:42:05] NOTICE: fpm is running, pid 56
[13-Apr-2019 13:42:05] NOTICE: ready to handle connections
[14-Apr-2019 01:55:48] NOTICE: Terminating ...
[14-Apr-2019 01:55:48] NOTICE: exiting, bye-bye!
[14-Apr-2019 17:25:48] NOTICE: fpm is running, pid 40
[14-Apr-2019 17:25:48] NOTICE: ready to handle connections
[14-Apr-2019 21:11:22] NOTICE: Terminating ...
[14-Apr-2019 21:11:22] NOTICE: exiting, bye-bye!
[15-Apr-2019 12:56:04] NOTICE: fpm is running, pid 40
[15-Apr-2019 12:56:04] NOTICE: ready to handle connections
[15-Apr-2019 19:51:47] NOTICE: Terminating ...
[15-Apr-2019 19:51:47] NOTICE: exiting, bye-bye!
[16-Apr-2019 14:15:04] NOTICE: fpm is running, pid 49
[16-Apr-2019 14:15:04] NOTICE: ready to handle connections
[16-Apr-2019 14:28:02] NOTICE: fpm is running, pid 55
[16-Apr-2019 14:28:02] NOTICE: ready to handle connections
[16-Apr-2019 14:29:42] NOTICE: Terminating ...
[16-Apr-2019 14:29:42] NOTICE: exiting, bye-bye!
[16-Apr-2019 14:30:00] NOTICE: fpm is running, pid 54
[16-Apr-2019 14:30:00] NOTICE: ready to handle connections
[16-Apr-2019 14:34:19] NOTICE: Terminating ...
[16-Apr-2019 14:34:19] NOTICE: exiting, bye-bye!
[16-Apr-2019 14:37:46] NOTICE: fpm is running, pid 41
[16-Apr-2019 14:37:46] NOTICE: ready to handle connections
[16-Apr-2019 19:28:04] NOTICE: Terminating ...
[16-Apr-2019 19:28:04] NOTICE: exiting, bye-bye!
[17-Apr-2019 13:45:57] NOTICE: fpm is running, pid 39
[17-Apr-2019 13:45:57] NOTICE: ready to handle connections
[19-Apr-2019 02:43:27] NOTICE: Terminating ...
[19-Apr-2019 02:43:27] NOTICE: exiting, bye-bye!
[17-May-2019 23:37:21] NOTICE: fpm is running, pid 41
[17-May-2019 23:37:21] NOTICE: ready to handle connections
[17-May-2019 23:37:40] WARNING: [pool www] server reached pm.max_children setting (5), consider raising it
[18-May-2019 01:09:28] NOTICE: Terminating ...
[18-May-2019 01:09:28] NOTICE: exiting, bye-bye!
[24-May-2019 20:28:33] NOTICE: fpm is running, pid 39
[24-May-2019 20:28:33] NOTICE: ready to handle connections
[24-May-2019 20:59:00] NOTICE: Terminating ...
[24-May-2019 20:59:00] NOTICE: exiting, bye-bye!
[30-May-2019 13:47:13] NOTICE: fpm is running, pid 51
[30-May-2019 13:47:13] NOTICE: ready to handle connections
[30-May-2019 19:40:48] NOTICE: Terminating ...
[30-May-2019 19:40:48] NOTICE: exiting, bye-bye!
[31-May-2019 13:18:56] NOTICE: fpm is running, pid 51
[31-May-2019 13:18:56] NOTICE: ready to handle connections
[31-May-2019 19:08:35] NOTICE: Terminating ...
[31-May-2019 19:08:35] NOTICE: exiting, bye-bye!
[31-May-2019 21:19:45] NOTICE: fpm is running, pid 51
[31-May-2019 21:19:45] NOTICE: ready to handle connections
