2019-04-05T23:31:51.450572Z 0 [Warning] TIMESTAMP with implicit DEFAULT value is deprecated. Please use --explicit_defaults_for_timestamp server option (see documentation for more details).
2019-04-05T23:31:51.453034Z 0 [Note] /usr/sbin/mysqld (mysqld 5.7.23) starting as process 30 ...
2019-04-05T23:31:51.479046Z 0 [Note] InnoDB: PUNCH HOLE support available
2019-04-05T23:31:51.479865Z 0 [Note] InnoDB: Mutexes and rw_locks use GCC atomic builtins
2019-04-05T23:31:51.480781Z 0 [Note] InnoDB: Uses event mutexes
2019-04-05T23:31:51.481747Z 0 [Note] InnoDB: GCC builtin __atomic_thread_fence() is used for memory barrier
2019-04-05T23:31:51.482735Z 0 [Note] InnoDB: Compressed tables use zlib 1.2.3
2019-04-05T23:31:51.483702Z 0 [Note] InnoDB: Using Linux native AIO
2019-04-05T23:31:51.487444Z 0 [Note] InnoDB: Number of pools: 1
2019-04-05T23:31:51.490497Z 0 [Note] InnoDB: Using CPU crc32 instructions
2019-04-05T23:31:51.495090Z 0 [Note] InnoDB: Initializing buffer pool, total size = 32M, instances = 1, chunk size = 32M
2019-04-05T23:31:51.509553Z 0 [Note] InnoDB: Completed initialization of buffer pool
2019-04-05T23:31:51.519161Z 0 [Note] InnoDB: If the mysqld execution user is authorized, page cleaner thread priority can be changed. See the man page of setpriority().
2019-04-05T23:31:51.529146Z 0 [Note] InnoDB: Highest supported file format is Barracuda.
2019-04-05T23:31:51.530989Z 0 [Note] InnoDB: Log scan progressed past the checkpoint lsn 2588963
2019-04-05T23:31:51.531638Z 0 [Note] InnoDB: Doing recovery: scanned up to log sequence number 2591784
2019-04-05T23:31:51.534140Z 0 [Note] InnoDB: Database was not shutdown normally!
2019-04-05T23:31:51.534585Z 0 [Note] InnoDB: Starting crash recovery.
2019-04-05T23:31:51.891241Z 0 [Note] InnoDB: Starting an apply batch of log records to the database...
InnoDB: Progress in percent: 27 28 29 30 31 32 33 34 35 36 37 38 39 40 41 42 43 44 45 46 47 48 49 50 51 52 53 54 55 56 57 58 59 60 61 62 63 64 65 66 67 68 69 70 71 72 73 74 75 76 77 78 79 80 81 82 83 84 85 86 87 88 89 90 91 92 93 94 95 96 97 98 99 
2019-04-05T23:31:52.468491Z 0 [Note] InnoDB: Apply batch completed
2019-04-05T23:31:52.573437Z 0 [Note] InnoDB: Removed temporary tablespace data file: "ibtmp1"
2019-04-05T23:31:52.574189Z 0 [Note] InnoDB: Creating shared tablespace for temporary tables
2019-04-05T23:31:52.575242Z 0 [Note] InnoDB: Setting file './ibtmp1' size to 12 MB. Physically writing the file full; Please wait ...
2019-04-05T23:31:52.626098Z 0 [Note] InnoDB: File './ibtmp1' size is now 12 MB.
2019-04-05T23:31:52.628672Z 0 [Note] InnoDB: 96 redo rollback segment(s) found. 96 redo rollback segment(s) are active.
2019-04-05T23:31:52.629939Z 0 [Note] InnoDB: 32 non-redo rollback segment(s) are active.
2019-04-05T23:31:52.635078Z 0 [Note] InnoDB: Waiting for purge to start
2019-04-05T23:31:52.689041Z 0 [Note] InnoDB: 5.7.23 started; log sequence number 2591784
2019-04-05T23:31:52.691272Z 0 [Note] Plugin 'FEDERATED' is disabled.
2019-04-05T23:31:52.727694Z 0 [Note] InnoDB: Loading buffer pool(s) from /var/lib/mysql/ib_buffer_pool
2019-04-05T23:31:52.750264Z 0 [Warning] Failed to set up SSL because of the following SSL library error: SSL context is not usable without certificate and private key
2019-04-05T23:31:52.750661Z 0 [Note] Server hostname (bind-address): '*'; port: 3306
2019-04-05T23:31:52.752116Z 0 [Note] IPv6 is available.
2019-04-05T23:31:52.753006Z 0 [Note]   - '::' resolves to '::';
2019-04-05T23:31:52.753560Z 0 [Note] Server socket created on IP: '::'.
2019-04-05T23:31:52.762351Z 0 [Warning] Insecure configuration for --pid-file: Location '/var/run/mysqld' in the path is accessible to all OS users. Consider choosing a different directory.
2019-04-05T23:31:52.768027Z 0 [ERROR] /usr/sbin/mysqld: Table './mysql/user' is marked as crashed and should be repaired
2019-04-05T23:31:52.769679Z 0 [Warning] Checking table:   './mysql/user'
2019-04-05T23:31:52.768912Z 0 [Note] InnoDB: Buffer pool(s) load completed at 190405 23:31:52
2019-04-05T23:31:52.773667Z 0 [ERROR] 1 client is using or hasn't closed the table properly
2019-04-05T23:31:52.789514Z 0 [Warning] 'user' entry 'root@localhost' ignored in --skip-name-resolve mode.
2019-04-05T23:31:52.790891Z 0 [Warning] 'user' entry 'mysql.session@localhost' ignored in --skip-name-resolve mode.
2019-04-05T23:31:52.791852Z 0 [Warning] 'user' entry 'mysql.sys@localhost' ignored in --skip-name-resolve mode.
2019-04-05T23:31:52.792339Z 0 [Warning] 'db' entry 'performance_schema mysql.session@localhost' ignored in --skip-name-resolve mode.
2019-04-05T23:31:52.792707Z 0 [Warning] 'db' entry 'sys mysql.sys@localhost' ignored in --skip-name-resolve mode.
2019-04-05T23:31:52.793684Z 0 [Warning] 'proxies_priv' entry '@ root@localhost' ignored in --skip-name-resolve mode.
2019-04-05T23:31:52.797011Z 0 [Warning] 'tables_priv' entry 'user mysql.session@localhost' ignored in --skip-name-resolve mode.
2019-04-05T23:31:52.798525Z 0 [Warning] 'tables_priv' entry 'sys_config mysql.sys@localhost' ignored in --skip-name-resolve mode.
2019-04-05T23:31:52.821719Z 0 [Note] Event Scheduler: Loaded 0 events
2019-04-05T23:31:52.828939Z 0 [Note] /usr/sbin/mysqld: ready for connections.
Version: '5.7.23'  socket: '/var/run/mysqld/mysqld.sock'  port: 3306  MySQL Community Server (GPL)
2019-04-05T23:32:31.782844Z 4 [ERROR] /usr/sbin/mysqld: Table './mysql/proc' is marked as crashed and should be repaired
2019-04-05T23:32:31.785228Z 4 [Warning] Checking table:   './mysql/proc'
2019-04-05T23:32:31.815121Z 6 [Warning] 'user' entry 'root@localhost' ignored in --skip-name-resolve mode.
2019-04-05T23:32:31.815563Z 6 [Warning] 'user' entry 'mysql.session@localhost' ignored in --skip-name-resolve mode.
2019-04-05T23:32:31.815846Z 6 [Warning] 'user' entry 'mysql.sys@localhost' ignored in --skip-name-resolve mode.
2019-04-05T23:32:31.816342Z 6 [Warning] 'db' entry 'performance_schema mysql.session@localhost' ignored in --skip-name-resolve mode.
2019-04-05T23:32:31.816592Z 6 [Warning] 'db' entry 'sys mysql.sys@localhost' ignored in --skip-name-resolve mode.
2019-04-05T23:32:31.816928Z 6 [Warning] 'proxies_priv' entry '@ root@localhost' ignored in --skip-name-resolve mode.
2019-04-05T23:32:31.818104Z 6 [Warning] 'tables_priv' entry 'user mysql.session@localhost' ignored in --skip-name-resolve mode.
2019-04-05T23:32:31.818649Z 6 [Warning] 'tables_priv' entry 'sys_config mysql.sys@localhost' ignored in --skip-name-resolve mode.
2019-04-06T00:00:50.123124Z 0 [Note] Giving 0 client threads a chance to die gracefully
2019-04-06T00:00:50.129118Z 0 [Note] Shutting down slave threads
2019-04-06T00:00:50.130354Z 0 [Note] Forcefully disconnecting 0 remaining clients
2019-04-06T00:00:50.130584Z 0 [Note] Event Scheduler: Purging the queue. 0 events
2019-04-06T00:00:50.130888Z 0 [Note] Binlog end
2019-04-06T00:00:50.134057Z 0 [Note] Shutting down plugin 'ngram'
2019-04-06T00:00:50.135268Z 0 [Note] Shutting down plugin 'partition'
2019-04-06T00:00:50.137330Z 0 [Note] Shutting down plugin 'BLACKHOLE'
2019-04-06T00:00:50.138086Z 0 [Note] Shutting down plugin 'ARCHIVE'
2019-04-06T00:00:50.138251Z 0 [Note] Shutting down plugin 'PERFORMANCE_SCHEMA'
2019-04-06T00:00:50.138763Z 0 [Note] Shutting down plugin 'MRG_MYISAM'
2019-04-06T00:00:50.139878Z 0 [Note] Shutting down plugin 'MyISAM'
2019-04-06T00:00:50.141099Z 0 [Note] Shutting down plugin 'INNODB_SYS_VIRTUAL'
2019-04-06T00:00:50.141340Z 0 [Note] Shutting down plugin 'INNODB_SYS_DATAFILES'
2019-04-06T00:00:50.141447Z 0 [Note] Shutting down plugin 'INNODB_SYS_TABLESPACES'
2019-04-06T00:00:50.142324Z 0 [Note] Shutting down plugin 'INNODB_SYS_FOREIGN_COLS'
2019-04-06T00:00:50.143336Z 0 [Note] Shutting down plugin 'INNODB_SYS_FOREIGN'
2019-04-06T00:00:50.143713Z 0 [Note] Shutting down plugin 'INNODB_SYS_FIELDS'
2019-04-06T00:00:50.146458Z 0 [Note] Shutting down plugin 'INNODB_SYS_COLUMNS'
2019-04-06T00:00:50.157342Z 0 [Note] Shutting down plugin 'INNODB_SYS_INDEXES'
2019-04-06T00:00:50.157889Z 0 [Note] Shutting down plugin 'INNODB_SYS_TABLESTATS'
2019-04-06T00:00:50.158813Z 0 [Note] Shutting down plugin 'INNODB_SYS_TABLES'
2019-04-06T00:00:50.159801Z 0 [Note] Shutting down plugin 'INNODB_FT_INDEX_TABLE'
2019-04-06T00:00:50.161931Z 0 [Note] Shutting down plugin 'INNODB_FT_INDEX_CACHE'
2019-04-06T00:00:50.163469Z 0 [Note] Shutting down plugin 'INNODB_FT_CONFIG'
2019-04-06T00:00:50.163761Z 0 [Note] Shutting down plugin 'INNODB_FT_BEING_DELETED'
2019-04-06T00:00:50.163965Z 0 [Note] Shutting down plugin 'INNODB_FT_DELETED'
2019-04-06T00:00:50.164446Z 0 [Note] Shutting down plugin 'INNODB_FT_DEFAULT_STOPWORD'
2019-04-06T00:00:50.166109Z 0 [Note] Shutting down plugin 'INNODB_METRICS'
2019-04-06T00:00:50.167091Z 0 [Note] Shutting down plugin 'INNODB_TEMP_TABLE_INFO'
2019-04-06T00:00:50.168214Z 0 [Note] Shutting down plugin 'INNODB_BUFFER_POOL_STATS'
2019-04-06T00:00:50.170128Z 0 [Note] Shutting down plugin 'INNODB_BUFFER_PAGE_LRU'
2019-04-06T00:00:50.171149Z 0 [Note] Shutting down plugin 'INNODB_BUFFER_PAGE'
2019-04-06T00:00:50.172167Z 0 [Note] Shutting down plugin 'INNODB_CMP_PER_INDEX_RESET'
2019-04-06T00:00:50.173061Z 0 [Note] Shutting down plugin 'INNODB_CMP_PER_INDEX'
2019-04-06T00:00:50.174093Z 0 [Note] Shutting down plugin 'INNODB_CMPMEM_RESET'
2019-04-06T00:00:50.174417Z 0 [Note] Shutting down plugin 'INNODB_CMPMEM'
2019-04-06T00:00:50.174636Z 0 [Note] Shutting down plugin 'INNODB_CMP_RESET'
2019-04-06T00:00:50.174852Z 0 [Note] Shutting down plugin 'INNODB_CMP'
2019-04-06T00:00:50.175032Z 0 [Note] Shutting down plugin 'INNODB_LOCK_WAITS'
2019-04-06T00:00:50.175497Z 0 [Note] Shutting down plugin 'INNODB_LOCKS'
2019-04-06T00:00:50.176053Z 0 [Note] Shutting down plugin 'INNODB_TRX'
2019-04-06T00:00:50.179267Z 0 [Note] Shutting down plugin 'InnoDB'
2019-04-06T00:00:50.180023Z 0 [Note] InnoDB: FTS optimize thread exiting.
2019-04-06T00:00:50.180775Z 0 [Note] InnoDB: Starting shutdown...
2019-04-06T00:00:50.287545Z 0 [Note] InnoDB: Dumping buffer pool(s) to /var/lib/mysql/ib_buffer_pool
2019-04-06T00:00:50.288916Z 0 [Note] InnoDB: Buffer pool(s) dump completed at 190406  0:00:50
2019-04-06T00:00:51.404966Z 0 [Note] InnoDB: Shutdown completed; log sequence number 3949398
2019-04-06T00:00:51.405906Z 0 [Note] InnoDB: Removed temporary tablespace data file: "ibtmp1"
2019-04-06T00:00:51.406352Z 0 [Note] Shutting down plugin 'MEMORY'
2019-04-06T00:00:51.406530Z 0 [Note] Shutting down plugin 'CSV'
2019-04-06T00:00:51.406679Z 0 [Note] Shutting down plugin 'sha256_password'
2019-04-06T00:00:51.406870Z 0 [Note] Shutting down plugin 'mysql_native_password'
2019-04-06T00:00:51.407354Z 0 [Note] Shutting down plugin 'binlog'
2019-04-06T00:00:51.408896Z 0 [Note] /usr/sbin/mysqld: Shutdown complete

2019-04-06T00:31:15.570072Z 0 [Warning] TIMESTAMP with implicit DEFAULT value is deprecated. Please use --explicit_defaults_for_timestamp server option (see documentation for more details).
2019-04-06T00:31:15.571763Z 0 [Note] /usr/sbin/mysqld (mysqld 5.7.23) starting as process 41 ...
2019-04-06T00:31:15.650206Z 0 [Note] InnoDB: PUNCH HOLE support available
2019-04-06T00:31:15.652190Z 0 [Note] InnoDB: Mutexes and rw_locks use GCC atomic builtins
2019-04-06T00:31:15.653643Z 0 [Note] InnoDB: Uses event mutexes
2019-04-06T00:31:15.654050Z 0 [Note] InnoDB: GCC builtin __atomic_thread_fence() is used for memory barrier
2019-04-06T00:31:15.655509Z 0 [Note] InnoDB: Compressed tables use zlib 1.2.3
2019-04-06T00:31:15.657362Z 0 [Note] InnoDB: Using Linux native AIO
2019-04-06T00:31:15.658825Z 0 [Note] InnoDB: Number of pools: 1
2019-04-06T00:31:15.670077Z 0 [Note] InnoDB: Using CPU crc32 instructions
2019-04-06T00:31:15.689699Z 0 [Note] InnoDB: Initializing buffer pool, total size = 32M, instances = 1, chunk size = 32M
2019-04-06T00:31:15.741061Z 0 [Note] InnoDB: Completed initialization of buffer pool
2019-04-06T00:31:15.758326Z 0 [Note] InnoDB: If the mysqld execution user is authorized, page cleaner thread priority can be changed. See the man page of setpriority().
2019-04-06T00:31:15.791850Z 0 [Note] InnoDB: Highest supported file format is Barracuda.
2019-04-06T00:31:15.942231Z 0 [Note] InnoDB: Creating shared tablespace for temporary tables
2019-04-06T00:31:15.942783Z 0 [Note] InnoDB: Setting file './ibtmp1' size to 12 MB. Physically writing the file full; Please wait ...
2019-04-06T00:31:16.059364Z 0 [Note] InnoDB: File './ibtmp1' size is now 12 MB.
2019-04-06T00:31:16.061210Z 0 [Note] InnoDB: 96 redo rollback segment(s) found. 96 redo rollback segment(s) are active.
2019-04-06T00:31:16.061827Z 0 [Note] InnoDB: 32 non-redo rollback segment(s) are active.
2019-04-06T00:31:16.064028Z 0 [Note] InnoDB: Waiting for purge to start
2019-04-06T00:31:16.118639Z 0 [Note] InnoDB: 5.7.23 started; log sequence number 3949398
2019-04-06T00:31:16.121031Z 0 [Note] Plugin 'FEDERATED' is disabled.
2019-04-06T00:31:16.126561Z 0 [Note] InnoDB: Loading buffer pool(s) from /var/lib/mysql/ib_buffer_pool
2019-04-06T00:31:16.140154Z 0 [Warning] Failed to set up SSL because of the following SSL library error: SSL context is not usable without certificate and private key
2019-04-06T00:31:16.142394Z 0 [Note] Server hostname (bind-address): '*'; port: 3306
2019-04-06T00:31:16.142958Z 0 [Note] IPv6 is available.
2019-04-06T00:31:16.143809Z 0 [Note]   - '::' resolves to '::';
2019-04-06T00:31:16.144786Z 0 [Note] Server socket created on IP: '::'.
2019-04-06T00:31:16.142748Z 0 [Note] InnoDB: Buffer pool(s) load completed at 190406  0:31:16
2019-04-06T00:31:16.147110Z 0 [Warning] Insecure configuration for --pid-file: Location '/var/run/mysqld' in the path is accessible to all OS users. Consider choosing a different directory.
2019-04-06T00:31:16.150230Z 0 [Warning] 'user' entry 'root@localhost' ignored in --skip-name-resolve mode.
2019-04-06T00:31:16.150691Z 0 [Warning] 'user' entry 'mysql.session@localhost' ignored in --skip-name-resolve mode.
2019-04-06T00:31:16.151624Z 0 [Warning] 'user' entry 'mysql.sys@localhost' ignored in --skip-name-resolve mode.
2019-04-06T00:31:16.152741Z 0 [Warning] 'db' entry 'performance_schema mysql.session@localhost' ignored in --skip-name-resolve mode.
2019-04-06T00:31:16.153598Z 0 [Warning] 'db' entry 'sys mysql.sys@localhost' ignored in --skip-name-resolve mode.
2019-04-06T00:31:16.154720Z 0 [Warning] 'proxies_priv' entry '@ root@localhost' ignored in --skip-name-resolve mode.
2019-04-06T00:31:16.158177Z 0 [Warning] 'tables_priv' entry 'user mysql.session@localhost' ignored in --skip-name-resolve mode.
2019-04-06T00:31:16.159671Z 0 [Warning] 'tables_priv' entry 'sys_config mysql.sys@localhost' ignored in --skip-name-resolve mode.
2019-04-06T00:31:16.180455Z 0 [Note] Event Scheduler: Loaded 0 events
2019-04-06T00:31:16.188013Z 0 [Note] /usr/sbin/mysqld: ready for connections.
Version: '5.7.23'  socket: '/var/run/mysqld/mysqld.sock'  port: 3306  MySQL Community Server (GPL)
2019-04-06T01:02:54.418141Z 0 [Note] Giving 0 client threads a chance to die gracefully
2019-04-06T01:02:54.423531Z 0 [Note] Shutting down slave threads
2019-04-06T01:02:54.425034Z 0 [Note] Forcefully disconnecting 0 remaining clients
2019-04-06T01:02:54.428463Z 0 [Note] Event Scheduler: Purging the queue. 0 events
2019-04-06T01:02:54.428987Z 0 [Note] Binlog end
2019-04-06T01:02:54.440123Z 0 [Note] Shutting down plugin 'ngram'
2019-04-06T01:02:54.440606Z 0 [Note] Shutting down plugin 'partition'
2019-04-06T01:02:54.441458Z 0 [Note] Shutting down plugin 'BLACKHOLE'
2019-04-06T01:02:54.442291Z 0 [Note] Shutting down plugin 'ARCHIVE'
2019-04-06T01:02:54.442658Z 0 [Note] Shutting down plugin 'PERFORMANCE_SCHEMA'
2019-04-06T01:02:54.442901Z 0 [Note] Shutting down plugin 'MRG_MYISAM'
2019-04-06T01:02:54.443035Z 0 [Note] Shutting down plugin 'MyISAM'
2019-04-06T01:02:54.443183Z 0 [Note] Shutting down plugin 'INNODB_SYS_VIRTUAL'
2019-04-06T01:02:54.443319Z 0 [Note] Shutting down plugin 'INNODB_SYS_DATAFILES'
2019-04-06T01:02:54.443614Z 0 [Note] Shutting down plugin 'INNODB_SYS_TABLESPACES'
2019-04-06T01:02:54.446593Z 0 [Note] Shutting down plugin 'INNODB_SYS_FOREIGN_COLS'
2019-04-06T01:02:54.447650Z 0 [Note] Shutting down plugin 'INNODB_SYS_FOREIGN'
2019-04-06T01:02:54.449797Z 0 [Note] Shutting down plugin 'INNODB_SYS_FIELDS'
2019-04-06T01:02:54.450098Z 0 [Note] Shutting down plugin 'INNODB_SYS_COLUMNS'
2019-04-06T01:02:54.450308Z 0 [Note] Shutting down plugin 'INNODB_SYS_INDEXES'
2019-04-06T01:02:54.450704Z 0 [Note] Shutting down plugin 'INNODB_SYS_TABLESTATS'
2019-04-06T01:02:54.451114Z 0 [Note] Shutting down plugin 'INNODB_SYS_TABLES'
2019-04-06T01:02:54.451299Z 0 [Note] Shutting down plugin 'INNODB_FT_INDEX_TABLE'
2019-04-06T01:02:54.453057Z 0 [Note] Shutting down plugin 'INNODB_FT_INDEX_CACHE'
2019-04-06T01:02:54.474886Z 0 [Note] Shutting down plugin 'INNODB_FT_CONFIG'
2019-04-06T01:02:54.475883Z 0 [Note] Shutting down plugin 'INNODB_FT_BEING_DELETED'
2019-04-06T01:02:54.476936Z 0 [Note] Shutting down plugin 'INNODB_FT_DELETED'
2019-04-06T01:02:54.477384Z 0 [Note] Shutting down plugin 'INNODB_FT_DEFAULT_STOPWORD'
2019-04-06T01:02:54.477721Z 0 [Note] Shutting down plugin 'INNODB_METRICS'
2019-04-06T01:02:54.478102Z 0 [Note] Shutting down plugin 'INNODB_TEMP_TABLE_INFO'
2019-04-06T01:02:54.478702Z 0 [Note] Shutting down plugin 'INNODB_BUFFER_POOL_STATS'
2019-04-06T01:02:54.479072Z 0 [Note] Shutting down plugin 'INNODB_BUFFER_PAGE_LRU'
2019-04-06T01:02:54.479740Z 0 [Note] Shutting down plugin 'INNODB_BUFFER_PAGE'
2019-04-06T01:02:54.480116Z 0 [Note] Shutting down plugin 'INNODB_CMP_PER_INDEX_RESET'
2019-04-06T01:02:54.480584Z 0 [Note] Shutting down plugin 'INNODB_CMP_PER_INDEX'
2019-04-06T01:02:54.484169Z 0 [Note] Shutting down plugin 'INNODB_CMPMEM_RESET'
2019-04-06T01:02:54.488581Z 0 [Note] Shutting down plugin 'INNODB_CMPMEM'
2019-04-06T01:02:54.489505Z 0 [Note] Shutting down plugin 'INNODB_CMP_RESET'
2019-04-06T01:02:54.490544Z 0 [Note] Shutting down plugin 'INNODB_CMP'
2019-04-06T01:02:54.495474Z 0 [Note] Shutting down plugin 'INNODB_LOCK_WAITS'
2019-04-06T01:02:54.503940Z 0 [Note] Shutting down plugin 'INNODB_LOCKS'
2019-04-06T01:02:54.505742Z 0 [Note] Shutting down plugin 'INNODB_TRX'
2019-04-06T01:02:54.506192Z 0 [Note] Shutting down plugin 'InnoDB'
2019-04-06T01:02:54.506666Z 0 [Note] InnoDB: FTS optimize thread exiting.
2019-04-06T01:02:54.507345Z 0 [Note] InnoDB: Starting shutdown...
2019-04-06T01:02:54.608976Z 0 [Note] InnoDB: Dumping buffer pool(s) to /var/lib/mysql/ib_buffer_pool
2019-04-06T01:02:54.610255Z 0 [Note] InnoDB: Buffer pool(s) dump completed at 190406  1:02:54
2019-04-06T01:02:56.229479Z 0 [Note] InnoDB: Shutdown completed; log sequence number 3955939
2019-04-06T01:02:56.236710Z 0 [Note] InnoDB: Removed temporary tablespace data file: "ibtmp1"
2019-04-06T01:02:56.237246Z 0 [Note] Shutting down plugin 'MEMORY'
2019-04-06T01:02:56.238213Z 0 [Note] Shutting down plugin 'CSV'
2019-04-06T01:02:56.238560Z 0 [Note] Shutting down plugin 'sha256_password'
2019-04-06T01:02:56.239218Z 0 [Note] Shutting down plugin 'mysql_native_password'
2019-04-06T01:02:56.239859Z 0 [Note] Shutting down plugin 'binlog'
2019-04-06T01:02:56.241149Z 0 [Note] /usr/sbin/mysqld: Shutdown complete

